This file contains any messages produced by compilers while
running configure, to aid debugging if configure makes a mistake.

It was created by alacast configure 0.1.0.1, which was
generated by GNU Autoconf 2.63.  Invocation command line was

  $ ./configure --enable-maintainer-mode

## --------- ##
## Platform. ##
## --------- ##

hostname = i-am-an-uberhotty
uname -m = x86_64
uname -r = 2.6.27.7-9-default
uname -s = Linux
uname -v = #1 SMP 2008-12-04 18:10:04 +0100

/usr/bin/uname -p = unknown
/bin/uname -X     = unknown

/bin/arch              = x86_64
/usr/bin/arch -k       = unknown
/usr/convex/getsysinfo = unknown
/usr/bin/hostinfo      = unknown
/bin/machine           = unknown
/usr/bin/oslevel       = unknown
/bin/universe          = unknown

PATH: /bin
PATH: /usr/bin
PATH: /bin
PATH: /usr/bin
PATH: /usr/local/bin
PATH: /sbin
PATH: /usr/sbin
PATH: /usr/local/sbin
PATH: /etc/init.d
PATH: /programs/connectED/bin
PATH: /bin
PATH: /projects/games/engines/Raydium/raydium/bin
PATH: .
PATH: /projects/gtk/alacast/bin
PATH: /projects/gtk/alacast/bin/scripts
PATH: .
PATH: /projects/cli/alacast/bin
PATH: .
PATH: /projects/cli/tcsh-dev
PATH: /projects/cli/tcsh-dev/scripts
PATH: /projects/cli/tcsh-dev/helpers
PATH: /projects/cli/tcsh-dev/helpers/rm
PATH: /projects/cli/tcsh-dev/permissions
PATH: /projects/cli/tcsh-dev/resolutions
PATH: /projects/cli/tcsh-dev/resolutions/media
PATH: /projects/cli/tcsh-dev/resolutions/gnome-terminal
PATH: /projects/cli/tcsh-dev/resolutions/video
PATH: /projects/cli/tcsh-dev/build-scripts
PATH: /projects/cli/tcsh-dev/media
PATH: /projects/cli/tcsh-dev/media/podnovel-helpers
PATH: /projects/cli/tcsh-dev/media/HandBrake
PATH: /projects/cli/tcsh-dev/media/gPodder-helper-scripts
PATH: /projects/cli/tcsh-dev/setenv
PATH: /projects/cli/tcsh-dev/game-dev
PATH: /projects/cli/tcsh-dev/game-dev/engines
PATH: /projects/cli/tcsh-dev/sudo
PATH: /projects/cli/tcsh-dev/devel
PATH: /projects/cli/tcsh-dev/tcshrc
PATH: /projects/cli/tcsh-dev/convert
PATH: /projects/cli/tcsh-dev/xml-parsers
PATH: /programs/bin
PATH: /programs/Mozilla/Firefox3/64bit
PATH: /programs/Mozilla/Thunderbird3/64bit
PATH: /programs/gizmo-project-3.1.0.79
PATH: /programs/carrier-2.5.0
PATH: /programs/skype_static-2.0.0.72-oss
PATH: /programs/ion/3-20080825/bin
PATH: /programs/linphone/3.0-cvs/2008-09-11/bin
PATH: .


## ----------- ##
## Core tests. ##
## ----------- ##

configure:2138: checking for a BSD-compatible install
configure:2206: result: /usr/bin/install -c
configure:2217: checking whether build environment is sane
configure:2260: result: yes
configure:2285: checking for a thread-safe mkdir -p
configure:2324: result: /bin/mkdir -p
configure:2337: checking for gawk
configure:2353: found /bin/gawk
configure:2364: result: gawk
configure:2375: checking whether make sets $(MAKE)
configure:2397: result: yes
configure:2583: checking whether to enable maintainer-specific portions of Makefiles
configure:2592: result: yes
configure:2618: checking for style of include used by make
configure:2646: result: GNU
configure:2716: checking for gcc
configure:2743: result: /usr/bin/gcc
configure:2975: checking for C compiler version
configure:2983: /usr/bin/gcc --version >&5
gcc (SUSE Linux) 4.3.2 [gcc-4_3-branch revision 141291]
Copyright (C) 2008 Free Software Foundation, Inc.
This is free software; see the source for copying conditions.  There is NO
warranty; not even for MERCHANTABILITY or FITNESS FOR A PARTICULAR PURPOSE.

configure:2987: $? = 0
configure:2994: /usr/bin/gcc -v >&5
Using built-in specs.
Target: x86_64-suse-linux
Configured with: ../configure --prefix=/usr --infodir=/usr/share/info --mandir=/usr/share/man --libdir=/usr/lib64 --libexecdir=/usr/lib64 --enable-languages=c,c++,objc,fortran,obj-c++,java,ada --enable-checking=release --with-gxx-include-dir=/usr/include/c++/4.3 --enable-ssp --disable-libssp --with-bugurl=http://bugs.opensuse.org/ --with-pkgversion='SUSE Linux' --disable-libgcj --disable-libmudflap --with-slibdir=/lib64 --with-system-zlib --enable-__cxa_atexit --enable-libstdcxx-allocator=new --disable-libstdcxx-pch --enable-version-specific-runtime-libs --program-suffix=-4.3 --enable-linux-futex --without-system-libunwind --with-cpu=generic --build=x86_64-suse-linux
Thread model: posix
gcc version 4.3.2 [gcc-4_3-branch revision 141291] (SUSE Linux) 
configure:2998: $? = 0
configure:3005: /usr/bin/gcc -V >&5
gcc: '-V' option must have argument
configure:3009: $? = 1
configure:3032: checking for C compiler default output file name
configure:3054: /usr/bin/gcc -std=gnu99 -Wall -Wextra -Wformat=2 -Wswitch-default -Wswitch-enum -O3 -L/lib64 -L/usr/lib64 -L/usr/lib -L/lib -I/usr/include -I/usr/include -L/lib64 -L/usr/lib64 -L/usr/lib -L/lib conftest.c -L/lib64 -L/usr/lib64 -L/usr/lib -L/lib >&5
configure:3058: $? = 0
configure:3096: result: a.out
configure:3115: checking whether the C compiler works
configure:3125: ./a.out
configure:3129: $? = 0
configure:3148: result: yes
configure:3155: checking whether we are cross compiling
configure:3157: result: no
configure:3160: checking for suffix of executables
configure:3167: /usr/bin/gcc -o conftest -std=gnu99 -Wall -Wextra -Wformat=2 -Wswitch-default -Wswitch-enum -O3 -L/lib64 -L/usr/lib64 -L/usr/lib -L/lib -I/usr/include -I/usr/include -L/lib64 -L/usr/lib64 -L/usr/lib -L/lib conftest.c -L/lib64 -L/usr/lib64 -L/usr/lib -L/lib >&5
configure:3171: $? = 0
configure:3197: result: 
configure:3203: checking for suffix of object files
configure:3229: /usr/bin/gcc -c -std=gnu99 -Wall -Wextra -Wformat=2 -Wswitch-default -Wswitch-enum -O3 -L/lib64 -L/usr/lib64 -L/usr/lib -L/lib -I/usr/include -I/usr/include conftest.c >&5
configure:3233: $? = 0
configure:3258: result: o
configure:3262: checking whether we are using the GNU C compiler
configure:3291: /usr/bin/gcc -c -std=gnu99 -Wall -Wextra -Wformat=2 -Wswitch-default -Wswitch-enum -O3 -L/lib64 -L/usr/lib64 -L/usr/lib -L/lib -I/usr/include -I/usr/include conftest.c >&5
configure:3298: $? = 0
configure:3315: result: yes
configure:3324: checking whether /usr/bin/gcc accepts -g
configure:3354: /usr/bin/gcc -c -g -I/usr/include conftest.c >&5
configure:3361: $? = 0
configure:3462: result: yes
configure:3479: checking for /usr/bin/gcc option to accept ISO C89
configure:3553: /usr/bin/gcc  -c -std=gnu99 -Wall -Wextra -Wformat=2 -Wswitch-default -Wswitch-enum -O3 -L/lib64 -L/usr/lib64 -L/usr/lib -L/lib -I/usr/include -I/usr/include conftest.c >&5
configure:3560: $? = 0
configure:3583: result: none needed
configure:3603: checking dependency style of /usr/bin/gcc
configure:3694: result: gcc3
configure:3710: checking for library containing strerror
configure:3751: /usr/bin/gcc -o conftest -std=gnu99 -Wall -Wextra -Wformat=2 -Wswitch-default -Wswitch-enum -O3 -L/lib64 -L/usr/lib64 -L/usr/lib -L/lib -I/usr/include -I/usr/include -L/lib64 -L/usr/lib64 -L/usr/lib -L/lib conftest.c -L/lib64 -L/usr/lib64 -L/usr/lib -L/lib >&5
configure:3758: $? = 0
configure:3789: result: none required
configure:3845: checking for gcc
configure:3872: result: /usr/bin/gcc
configure:4104: checking for C compiler version
configure:4112: /usr/bin/gcc --version >&5
gcc (SUSE Linux) 4.3.2 [gcc-4_3-branch revision 141291]
Copyright (C) 2008 Free Software Foundation, Inc.
This is free software; see the source for copying conditions.  There is NO
warranty; not even for MERCHANTABILITY or FITNESS FOR A PARTICULAR PURPOSE.

configure:4116: $? = 0
configure:4123: /usr/bin/gcc -v >&5
Using built-in specs.
Target: x86_64-suse-linux
Configured with: ../configure --prefix=/usr --infodir=/usr/share/info --mandir=/usr/share/man --libdir=/usr/lib64 --libexecdir=/usr/lib64 --enable-languages=c,c++,objc,fortran,obj-c++,java,ada --enable-checking=release --with-gxx-include-dir=/usr/include/c++/4.3 --enable-ssp --disable-libssp --with-bugurl=http://bugs.opensuse.org/ --with-pkgversion='SUSE Linux' --disable-libgcj --disable-libmudflap --with-slibdir=/lib64 --with-system-zlib --enable-__cxa_atexit --enable-libstdcxx-allocator=new --disable-libstdcxx-pch --enable-version-specific-runtime-libs --program-suffix=-4.3 --enable-linux-futex --without-system-libunwind --with-cpu=generic --build=x86_64-suse-linux
Thread model: posix
gcc version 4.3.2 [gcc-4_3-branch revision 141291] (SUSE Linux) 
configure:4127: $? = 0
configure:4134: /usr/bin/gcc -V >&5
gcc: '-V' option must have argument
configure:4138: $? = 1
configure:4141: checking whether we are using the GNU C compiler
configure:4194: result: yes
configure:4203: checking whether /usr/bin/gcc accepts -g
configure:4341: result: yes
configure:4358: checking for /usr/bin/gcc option to accept ISO C89
configure:4462: result: none needed
configure:4482: checking dependency style of /usr/bin/gcc
configure:4573: result: gcc3
configure:4636: checking for gcc
configure:4663: result: /usr/bin/gcc
configure:4895: checking for C compiler version
configure:4903: /usr/bin/gcc --version >&5
gcc (SUSE Linux) 4.3.2 [gcc-4_3-branch revision 141291]
Copyright (C) 2008 Free Software Foundation, Inc.
This is free software; see the source for copying conditions.  There is NO
warranty; not even for MERCHANTABILITY or FITNESS FOR A PARTICULAR PURPOSE.

configure:4907: $? = 0
configure:4914: /usr/bin/gcc -v >&5
Using built-in specs.
Target: x86_64-suse-linux
Configured with: ../configure --prefix=/usr --infodir=/usr/share/info --mandir=/usr/share/man --libdir=/usr/lib64 --libexecdir=/usr/lib64 --enable-languages=c,c++,objc,fortran,obj-c++,java,ada --enable-checking=release --with-gxx-include-dir=/usr/include/c++/4.3 --enable-ssp --disable-libssp --with-bugurl=http://bugs.opensuse.org/ --with-pkgversion='SUSE Linux' --disable-libgcj --disable-libmudflap --with-slibdir=/lib64 --with-system-zlib --enable-__cxa_atexit --enable-libstdcxx-allocator=new --disable-libstdcxx-pch --enable-version-specific-runtime-libs --program-suffix=-4.3 --enable-linux-futex --without-system-libunwind --with-cpu=generic --build=x86_64-suse-linux
Thread model: posix
gcc version 4.3.2 [gcc-4_3-branch revision 141291] (SUSE Linux) 
configure:4918: $? = 0
configure:4925: /usr/bin/gcc -V >&5
gcc: '-V' option must have argument
configure:4929: $? = 1
configure:4932: checking whether we are using the GNU C compiler
configure:4985: result: yes
configure:4994: checking whether /usr/bin/gcc accepts -g
configure:5132: result: yes
configure:5149: checking for /usr/bin/gcc option to accept ISO C89
configure:5253: result: none needed
configure:5273: checking dependency style of /usr/bin/gcc
configure:5364: result: gcc3
configure:5387: checking how to run the C preprocessor
configure:5505: result: /usr/bin/cpp
configure:5534: /usr/bin/cpp -I/usr/include conftest.c
configure:5541: $? = 0
configure:5572: /usr/bin/cpp -I/usr/include conftest.c
conftest.c:10:28: error: ac_nonexistent.h: No such file or directory
configure:5579: $? = 1
configure: failed program was:
| /* confdefs.h.  */
| #define PACKAGE_NAME "alacast"
| #define PACKAGE_TARNAME "alacast"
| #define PACKAGE_VERSION "0.1.0.1"
| #define PACKAGE_STRING "alacast 0.1.0.1"
| #define PACKAGE_BUGREPORT ""
| #define PACKAGE "alacast"
| #define VERSION "0.1.0.1"
| /* end confdefs.h.  */
| #include <ac_nonexistent.h>
configure:5619: checking for grep that handles long lines and -e
configure:5679: result: /bin/grep
configure:5684: checking for egrep
configure:5748: result: /bin/grep -E
configure:5753: checking for ANSI C header files
configure:5783: /usr/bin/gcc -c -std=gnu99 -Wall -Wextra -Wformat=2 -Wswitch-default -Wswitch-enum -O3 -L/lib64 -L/usr/lib64 -L/usr/lib -L/lib -I/usr/include -I/usr/include conftest.c >&5
configure:5790: $? = 0
configure:5889: /usr/bin/gcc -o conftest -std=gnu99 -Wall -Wextra -Wformat=2 -Wswitch-default -Wswitch-enum -O3 -L/lib64 -L/usr/lib64 -L/usr/lib -L/lib -I/usr/include -I/usr/include -L/lib64 -L/usr/lib64 -L/usr/lib -L/lib conftest.c -L/lib64 -L/usr/lib64 -L/usr/lib -L/lib >&5
configure:5893: $? = 0
configure:5899: ./conftest
configure:5903: $? = 0
configure:5921: result: yes
configure:5934: checking for valac
configure:5952: found /usr/bin/valac
configure:5964: result: /usr/bin/valac
configure:5996: checking for sys/types.h
configure:6017: /usr/bin/gcc -c -std=gnu99 -Wall -Wextra -Wformat=2 -Wswitch-default -Wswitch-enum -O3 -L/lib64 -L/usr/lib64 -L/usr/lib -L/lib -I/usr/include -I/usr/include conftest.c >&5
configure:6024: $? = 0
configure:6041: result: yes
configure:5996: checking for sys/stat.h
configure:6017: /usr/bin/gcc -c -std=gnu99 -Wall -Wextra -Wformat=2 -Wswitch-default -Wswitch-enum -O3 -L/lib64 -L/usr/lib64 -L/usr/lib -L/lib -I/usr/include -I/usr/include conftest.c >&5
configure:6024: $? = 0
configure:6041: result: yes
configure:5996: checking for stdlib.h
configure:6017: /usr/bin/gcc -c -std=gnu99 -Wall -Wextra -Wformat=2 -Wswitch-default -Wswitch-enum -O3 -L/lib64 -L/usr/lib64 -L/usr/lib -L/lib -I/usr/include -I/usr/include conftest.c >&5
configure:6024: $? = 0
configure:6041: result: yes
configure:5996: checking for string.h
configure:6017: /usr/bin/gcc -c -std=gnu99 -Wall -Wextra -Wformat=2 -Wswitch-default -Wswitch-enum -O3 -L/lib64 -L/usr/lib64 -L/usr/lib -L/lib -I/usr/include -I/usr/include conftest.c >&5
configure:6024: $? = 0
configure:6041: result: yes
configure:5996: checking for memory.h
configure:6017: /usr/bin/gcc -c -std=gnu99 -Wall -Wextra -Wformat=2 -Wswitch-default -Wswitch-enum -O3 -L/lib64 -L/usr/lib64 -L/usr/lib -L/lib -I/usr/include -I/usr/include conftest.c >&5
configure:6024: $? = 0
configure:6041: result: yes
configure:5996: checking for strings.h
configure:6017: /usr/bin/gcc -c -std=gnu99 -Wall -Wextra -Wformat=2 -Wswitch-default -Wswitch-enum -O3 -L/lib64 -L/usr/lib64 -L/usr/lib -L/lib -I/usr/include -I/usr/include conftest.c >&5
configure:6024: $? = 0
configure:6041: result: yes
configure:5996: checking for inttypes.h
configure:6017: /usr/bin/gcc -c -std=gnu99 -Wall -Wextra -Wformat=2 -Wswitch-default -Wswitch-enum -O3 -L/lib64 -L/usr/lib64 -L/usr/lib -L/lib -I/usr/include -I/usr/include conftest.c >&5
configure:6024: $? = 0
configure:6041: result: yes
configure:5996: checking for stdint.h
configure:6017: /usr/bin/gcc -c -std=gnu99 -Wall -Wextra -Wformat=2 -Wswitch-default -Wswitch-enum -O3 -L/lib64 -L/usr/lib64 -L/usr/lib -L/lib -I/usr/include -I/usr/include conftest.c >&5
configure:6024: $? = 0
configure:6041: result: yes
configure:5996: checking for unistd.h
configure:6017: /usr/bin/gcc -c -std=gnu99 -Wall -Wextra -Wformat=2 -Wswitch-default -Wswitch-enum -O3 -L/lib64 -L/usr/lib64 -L/usr/lib -L/lib -I/usr/include -I/usr/include conftest.c >&5
configure:6024: $? = 0
configure:6041: result: yes
configure:6072: checking locale.h usability
configure:6089: /usr/bin/gcc -c -std=gnu99 -Wall -Wextra -Wformat=2 -Wswitch-default -Wswitch-enum -O3 -L/lib64 -L/usr/lib64 -L/usr/lib -L/lib -I/usr/include -I/usr/include conftest.c >&5
configure:6096: $? = 0
configure:6110: result: yes
configure:6114: checking locale.h presence
configure:6129: /usr/bin/cpp -I/usr/include conftest.c
configure:6136: $? = 0
configure:6150: result: yes
configure:6178: checking for locale.h
configure:6187: result: yes
configure:6203: checking for LC_MESSAGES
configure:6229: /usr/bin/gcc -o conftest -std=gnu99 -Wall -Wextra -Wformat=2 -Wswitch-default -Wswitch-enum -O3 -L/lib64 -L/usr/lib64 -L/usr/lib -L/lib -I/usr/include -I/usr/include -L/lib64 -L/usr/lib64 -L/usr/lib -L/lib conftest.c -L/lib64 -L/usr/lib64 -L/usr/lib -L/lib >&5
configure:6236: $? = 0
configure:6256: result: yes
configure:6285: checking libintl.h usability
configure:6302: /usr/bin/gcc -c -std=gnu99 -Wall -Wextra -Wformat=2 -Wswitch-default -Wswitch-enum -O3 -L/lib64 -L/usr/lib64 -L/usr/lib -L/lib -I/usr/include -I/usr/include conftest.c >&5
configure:6309: $? = 0
configure:6323: result: yes
configure:6327: checking libintl.h presence
configure:6342: /usr/bin/cpp -I/usr/include conftest.c
configure:6349: $? = 0
configure:6363: result: yes
configure:6391: checking for libintl.h
configure:6398: result: yes
configure:6409: checking for ngettext in libc
configure:6437: /usr/bin/gcc -o conftest -std=gnu99 -Wall -Wextra -Wformat=2 -Wswitch-default -Wswitch-enum -O3 -L/lib64 -L/usr/lib64 -L/usr/lib -L/lib -I/usr/include -I/usr/include -L/lib64 -L/usr/lib64 -L/usr/lib -L/lib conftest.c -L/lib64 -L/usr/lib64 -L/usr/lib -L/lib >&5
configure:6444: $? = 0
configure:6465: result: yes
configure:6469: checking for dgettext in libc
configure:6497: /usr/bin/gcc -o conftest -std=gnu99 -Wall -Wextra -Wformat=2 -Wswitch-default -Wswitch-enum -O3 -L/lib64 -L/usr/lib64 -L/usr/lib -L/lib -I/usr/include -I/usr/include -L/lib64 -L/usr/lib64 -L/usr/lib -L/lib conftest.c -L/lib64 -L/usr/lib64 -L/usr/lib -L/lib >&5
configure:6504: $? = 0
configure:6525: result: yes
configure:6534: checking for bind_textdomain_codeset
configure:6590: /usr/bin/gcc -o conftest -std=gnu99 -Wall -Wextra -Wformat=2 -Wswitch-default -Wswitch-enum -O3 -L/lib64 -L/usr/lib64 -L/usr/lib -L/lib -I/usr/include -I/usr/include -L/lib64 -L/usr/lib64 -L/usr/lib -L/lib conftest.c -L/lib64 -L/usr/lib64 -L/usr/lib -L/lib >&5
configure:6597: $? = 0
configure:6619: result: yes
configure:7135: checking for msgfmt
configure:7162: result: /usr/bin/msgfmt
configure:7175: checking for dcgettext
configure:7231: /usr/bin/gcc -o conftest -std=gnu99 -Wall -Wextra -Wformat=2 -Wswitch-default -Wswitch-enum -O3 -L/lib64 -L/usr/lib64 -L/usr/lib -L/lib -I/usr/include -I/usr/include -L/lib64 -L/usr/lib64 -L/usr/lib -L/lib conftest.c -L/lib64 -L/usr/lib64 -L/usr/lib -L/lib  >&5
conftest.c:48: warning: conflicting types for built-in function 'dcgettext'
configure:7238: $? = 0
configure:7260: result: yes
configure:7273: checking if msgfmt accepts -c
configure:7288: $MSGFMT -c -o /dev/null conftest.foo
configure:7291: $? = 0
configure:7293: result: yes
configure:7303: checking for gmsgfmt
configure:7334: result: /usr/bin/msgfmt
configure:7344: checking for xgettext
configure:7371: result: /usr/bin/xgettext
configure:7400: /usr/bin/gcc -o conftest -std=gnu99 -Wall -Wextra -Wformat=2 -Wswitch-default -Wswitch-enum -O3 -L/lib64 -L/usr/lib64 -L/usr/lib -L/lib -I/usr/include -I/usr/include -L/lib64 -L/usr/lib64 -L/usr/lib -L/lib conftest.c -L/lib64 -L/usr/lib64 -L/usr/lib -L/lib  >&5
configure:7407: $? = 0
configure:7632: checking whether NLS is requested
configure:7641: result: yes
configure:7658: checking for intltool >= 0.35.0
configure:7665: result: 0.40.5 found
configure:7675: checking for intltool-update
configure:7693: found /usr/bin/intltool-update
configure:7705: result: /usr/bin/intltool-update
configure:7715: checking for intltool-merge
configure:7733: found /usr/bin/intltool-merge
configure:7745: result: /usr/bin/intltool-merge
configure:7755: checking for intltool-extract
configure:7773: found /usr/bin/intltool-extract
configure:7785: result: /usr/bin/intltool-extract
configure:7842: checking for xgettext
configure:7872: result: /usr/bin/xgettext
configure:7882: checking for msgmerge
configure:7900: found /usr/bin/msgmerge
configure:7912: result: /usr/bin/msgmerge
configure:7922: checking for msgfmt
configure:7952: result: /usr/bin/msgfmt
configure:7962: checking for gmsgfmt
configure:7993: result: /usr/bin/msgfmt
configure:8017: checking for perl
configure:8035: found /usr/bin/perl
configure:8047: result: /usr/bin/perl
configure:8066: checking for XML::Parser
configure:8069: result: ok
configure:8269: checking build system type
configure:8287: result: x86_64-suse-linux-gnu
configure:8309: checking host system type
configure:8324: result: x86_64-suse-linux-gnu
configure:8346: checking for a sed that does not truncate output
configure:8412: result: /bin/sed
configure:8430: checking for fgrep
configure:8494: result: /bin/grep -F
configure:8529: checking for ld used by /usr/bin/gcc
configure:8596: result: /usr/x86_64-suse-linux/bin/ld
configure:8605: checking if the linker (/usr/x86_64-suse-linux/bin/ld) is GNU ld
configure:8620: result: yes
configure:8632: checking for BSD- or MS-compatible name lister (nm)
configure:8681: result: /usr/bin/nm -B
configure:8799: checking the name lister (/usr/bin/nm -B) interface
configure:8806: /usr/bin/gcc -c -std=gnu99 -Wall -Wextra -Wformat=2 -Wswitch-default -Wswitch-enum -O3 -L/lib64 -L/usr/lib64 -L/usr/lib -L/lib -I/usr/include -I/usr/include conftest.c >&5
configure:8809: /usr/bin/nm -B "conftest.o"
configure:8812: output
0000000000000000 B some_variable
configure:8819: result: BSD nm
configure:8822: checking whether ln -s works
configure:8826: result: yes
configure:8834: checking the maximum length of command line arguments
configure:8954: result: 1572864
configure:8971: checking whether the shell understands some XSI constructs
configure:8981: result: yes
configure:8985: checking whether the shell understands "+="
configure:8991: result: yes
configure:9026: checking for /usr/x86_64-suse-linux/bin/ld option to reload object files
configure:9033: result: -r
configure:9102: checking for objdump
configure:9118: found /usr/bin/objdump
configure:9129: result: objdump
configure:9161: checking how to recognize dependent libraries
configure:9357: result: pass_all
configure:9417: checking for ar
configure:9433: found /usr/bin/ar
configure:9444: result: ar
configure:9522: checking for strip
configure:9538: found /usr/bin/strip
configure:9549: result: strip
configure:9621: checking for ranlib
configure:9637: found /usr/bin/ranlib
configure:9648: result: ranlib
configure:9738: checking command to parse /usr/bin/nm -B output from /usr/bin/gcc object
configure:9856: /usr/bin/gcc -c -std=gnu99 -Wall -Wextra -Wformat=2 -Wswitch-default -Wswitch-enum -O3 -L/lib64 -L/usr/lib64 -L/usr/lib -L/lib -I/usr/include -I/usr/include conftest.c >&5
configure:9859: $? = 0
configure:9863: /usr/bin/nm -B conftest.o \| sed -n -e 's/^.*[	 ]\([ABCDGIRSTW][ABCDGIRSTW]*\)[	 ][	 ]*\([_A-Za-z][_A-Za-z0-9]*\)$/\1 \2 \2/p' \> conftest.nm
configure:9866: $? = 0
configure:9920: /usr/bin/gcc -o conftest -std=gnu99 -Wall -Wextra -Wformat=2 -Wswitch-default -Wswitch-enum -O3 -L/lib64 -L/usr/lib64 -L/usr/lib -L/lib -I/usr/include -I/usr/include -L/lib64 -L/usr/lib64 -L/usr/lib -L/lib conftest.c conftstm.o >&5
configure:9923: $? = 0
configure:9961: result: ok
configure:10056: /usr/bin/gcc -c -std=gnu99 -Wall -Wextra -Wformat=2 -Wswitch-default -Wswitch-enum -O3 -L/lib64 -L/usr/lib64 -L/usr/lib -L/lib -I/usr/include -I/usr/include conftest.c >&5
configure:10059: $? = 0
configure:10826: checking for dlfcn.h
configure:10847: /usr/bin/gcc -c -std=gnu99 -Wall -Wextra -Wformat=2 -Wswitch-default -Wswitch-enum -O3 -L/lib64 -L/usr/lib64 -L/usr/lib -L/lib -I/usr/include -I/usr/include conftest.c >&5
configure:10854: $? = 0
configure:10871: result: yes
configure:11057: checking for objdir
configure:11072: result: .libs
configure:11364: checking if /usr/bin/gcc supports -fno-rtti -fno-exceptions
configure:11382: /usr/bin/gcc -c -std=gnu99 -Wall -Wextra -Wformat=2 -Wswitch-default -Wswitch-enum -O3 -L/lib64 -L/usr/lib64 -L/usr/lib -L/lib -I/usr/include -I/usr/include -fno-rtti -fno-exceptions conftest.c >&5
cc1: warning: command line option "-fno-rtti" is valid for C++/ObjC++ but not for C
configure:11386: $? = 0
configure:11399: result: no
configure:11419: checking for /usr/bin/gcc option to produce PIC
configure:11691: result: -fPIC -DPIC
configure:11703: checking if /usr/bin/gcc PIC flag -fPIC -DPIC works
configure:11721: /usr/bin/gcc -c -std=gnu99 -Wall -Wextra -Wformat=2 -Wswitch-default -Wswitch-enum -O3 -L/lib64 -L/usr/lib64 -L/usr/lib -L/lib -I/usr/include -I/usr/include -fPIC -DPIC -DPIC conftest.c >&5
configure:11725: $? = 0
configure:11738: result: yes
configure:11762: checking if /usr/bin/gcc static flag -static works
configure:11790: result: yes
configure:11805: checking if /usr/bin/gcc supports -c -o file.o
configure:11826: /usr/bin/gcc -c -std=gnu99 -Wall -Wextra -Wformat=2 -Wswitch-default -Wswitch-enum -O3 -L/lib64 -L/usr/lib64 -L/usr/lib -L/lib -I/usr/include -I/usr/include -o out/conftest2.o conftest.c >&5
configure:11830: $? = 0
configure:11852: result: yes
configure:11860: checking if /usr/bin/gcc supports -c -o file.o
configure:11907: result: yes
configure:11940: checking whether the /usr/bin/gcc linker (/usr/x86_64-suse-linux/bin/ld -m elf_x86_64) supports shared libraries
configure:13014: result: yes
configure:13051: checking whether -lc should be explicitly linked in
configure:13056: /usr/bin/gcc -c -std=gnu99 -Wall -Wextra -Wformat=2 -Wswitch-default -Wswitch-enum -O3 -L/lib64 -L/usr/lib64 -L/usr/lib -L/lib -I/usr/include -I/usr/include conftest.c >&5
configure:13059: $? = 0
configure:13074: /usr/bin/gcc -shared conftest.o  -v -Wl,-soname -Wl,conftest -o conftest 2\>\&1 \| /bin/grep  -lc  \>/dev/null 2\>\&1
configure:13077: $? = 0
configure:13089: result: no
configure:13253: checking dynamic linker characteristics
configure:13696: /usr/bin/gcc -o conftest -std=gnu99 -Wall -Wextra -Wformat=2 -Wswitch-default -Wswitch-enum -O3 -L/lib64 -L/usr/lib64 -L/usr/lib -L/lib -I/usr/include -I/usr/include -L/lib64 -L/usr/lib64 -L/usr/lib -L/lib -Wl,-rpath -Wl,/foo conftest.c -L/lib64 -L/usr/lib64 -L/usr/lib -L/lib >&5
configure:13703: $? = 0
configure:13936: result: GNU/Linux ld.so
configure:14038: checking how to hardcode library paths into programs
configure:14063: result: immediate
configure:14896: checking whether stripping libraries is possible
configure:14901: result: yes
configure:14936: checking if libtool supports shared libraries
configure:14938: result: yes
configure:14941: checking whether to build shared libraries
configure:14962: result: yes
configure:14965: checking whether to build static libraries
configure:14969: result: yes
configure:15055: checking for pkg-config
configure:15073: found /usr/bin/pkg-config
configure:15085: result: /usr/bin/pkg-config
configure:15110: checking pkg-config is at least version 0.9.0
configure:15113: result: yes
configure:15124: checking for LIBANJUTA
configure:15131: $PKG_CONFIG --exists --print-errors "libanjuta-1.0"
Package libanjuta-1.0 was not found in the pkg-config search path.
Perhaps you should add the directory containing `libanjuta-1.0.pc'
to the PKG_CONFIG_PATH environment variable
No package 'libanjuta-1.0' found
configure:15134: $? = 1
configure:15147: $PKG_CONFIG --exists --print-errors "libanjuta-1.0"
Package libanjuta-1.0 was not found in the pkg-config search path.
Perhaps you should add the directory containing `libanjuta-1.0.pc'
to the PKG_CONFIG_PATH environment variable
No package 'libanjuta-1.0' found
configure:15150: $? = 1
No package 'libanjuta-1.0' found
configure:15187: error: Package requirements (libanjuta-1.0) were not met:

No package 'libanjuta-1.0' found

Consider adjusting the PKG_CONFIG_PATH environment variable if you
installed software in a non-standard prefix.

Alternatively, you may set the environment variables LIBANJUTA_CFLAGS
and LIBANJUTA_LIBS to avoid the need to call pkg-config.
See the pkg-config man page for more details.


## ---------------- ##
## Cache variables. ##
## ---------------- ##

ac_cv_build=x86_64-suse-linux-gnu
ac_cv_c_compiler_gnu=yes
ac_cv_env_ALACAST_CFLAGS_set=
ac_cv_env_ALACAST_CFLAGS_value=
ac_cv_env_ALACAST_LIBS_set=
ac_cv_env_ALACAST_LIBS_value=
ac_cv_env_CC_set=set
ac_cv_env_CC_value=/usr/bin/gcc
ac_cv_env_CFLAGS_set=set
ac_cv_env_CFLAGS_value='-std=gnu99 -Wall -Wextra -Wformat=2 -Wswitch-default -Wswitch-enum -O3 -L/lib64 -L/usr/lib64 -L/usr/lib -L/lib -I/usr/include'
ac_cv_env_CPPFLAGS_set=set
ac_cv_env_CPPFLAGS_value=-I/usr/include
ac_cv_env_CPP_set=set
ac_cv_env_CPP_value=/usr/bin/cpp
ac_cv_env_LDFLAGS_set=set
ac_cv_env_LDFLAGS_value='-L/lib64 -L/usr/lib64 -L/usr/lib -L/lib'
ac_cv_env_LIBANJUTA_CFLAGS_set=
ac_cv_env_LIBANJUTA_CFLAGS_value=
ac_cv_env_LIBANJUTA_LIBS_set=
ac_cv_env_LIBANJUTA_LIBS_value=
ac_cv_env_LIBS_set=set
ac_cv_env_LIBS_value='-L/lib64 -L/usr/lib64 -L/usr/lib -L/lib'
ac_cv_env_PKG_CONFIG_set=
ac_cv_env_PKG_CONFIG_value=
ac_cv_env_build_alias_set=
ac_cv_env_build_alias_value=
ac_cv_env_host_alias_set=
ac_cv_env_host_alias_value=
ac_cv_env_target_alias_set=
ac_cv_env_target_alias_value=
ac_cv_func_bind_textdomain_codeset=yes
ac_cv_func_dcgettext=yes
ac_cv_header_dlfcn_h=yes
ac_cv_header_inttypes_h=yes
ac_cv_header_libintl_h=yes
ac_cv_header_locale_h=yes
ac_cv_header_memory_h=yes
ac_cv_header_stdc=yes
ac_cv_header_stdint_h=yes
ac_cv_header_stdlib_h=yes
ac_cv_header_string_h=yes
ac_cv_header_strings_h=yes
ac_cv_header_sys_stat_h=yes
ac_cv_header_sys_types_h=yes
ac_cv_header_unistd_h=yes
ac_cv_host=x86_64-suse-linux-gnu
ac_cv_objext=o
ac_cv_path_EGREP='/bin/grep -E'
ac_cv_path_FGREP='/bin/grep -F'
ac_cv_path_GMSGFMT=/usr/bin/msgfmt
ac_cv_path_GREP=/bin/grep
ac_cv_path_INTLTOOL_EXTRACT=/usr/bin/intltool-extract
ac_cv_path_INTLTOOL_MERGE=/usr/bin/intltool-merge
ac_cv_path_INTLTOOL_PERL=/usr/bin/perl
ac_cv_path_INTLTOOL_UPDATE=/usr/bin/intltool-update
ac_cv_path_MSGFMT=/usr/bin/msgfmt
ac_cv_path_MSGMERGE=/usr/bin/msgmerge
ac_cv_path_SED=/bin/sed
ac_cv_path_VALAC=/usr/bin/valac
ac_cv_path_XGETTEXT=/usr/bin/xgettext
ac_cv_path_ac_pt_PKG_CONFIG=/usr/bin/pkg-config
ac_cv_path_install='/usr/bin/install -c'
ac_cv_path_mkdir=/bin/mkdir
ac_cv_prog_AWK=gawk
ac_cv_prog_CPP=/usr/bin/cpp
ac_cv_prog_ac_ct_AR=ar
ac_cv_prog_ac_ct_CC=/usr/bin/gcc
ac_cv_prog_ac_ct_OBJDUMP=objdump
ac_cv_prog_ac_ct_RANLIB=ranlib
ac_cv_prog_ac_ct_STRIP=strip
ac_cv_prog_cc_c89=
ac_cv_prog_cc_g=yes
ac_cv_prog_make_make_set=yes
ac_cv_search_strerror='none required'
am_cv_CC_dependencies_compiler_type=gcc3
am_cv_prog_cc_stdc=
am_cv_val_LC_MESSAGES=yes
gt_cv_func_dgettext_libc=yes
gt_cv_func_dgettext_libintl=no
gt_cv_func_ngettext_libc=yes
gt_cv_have_gettext=yes
lt_cv_deplibs_check_method=pass_all
lt_cv_file_magic_cmd='$MAGIC_CMD'
lt_cv_file_magic_test_file=
lt_cv_ld_reload_flag=-r
lt_cv_nm_interface='BSD nm'
lt_cv_objdir=.libs
lt_cv_path_LD=/usr/x86_64-suse-linux/bin/ld
lt_cv_path_NM='/usr/bin/nm -B'
lt_cv_prog_compiler_c_o=yes
lt_cv_prog_compiler_pic_works=yes
lt_cv_prog_compiler_rtti_exceptions=no
lt_cv_prog_compiler_static_works=yes
lt_cv_prog_gnu_ld=yes
lt_cv_sys_global_symbol_pipe='sed -n -e '\''s/^.*[	 ]\([ABCDGIRSTW][ABCDGIRSTW]*\)[	 ][	 ]*\([_A-Za-z][_A-Za-z0-9]*\)$/\1 \2 \2/p'\'''
lt_cv_sys_global_symbol_to_c_name_address='sed -n -e '\''s/^: \([^ ]*\) $/  {\"\1\", (void *) 0},/p'\'' -e '\''s/^[ABCDGIRSTW]* \([^ ]*\) \([^ ]*\)$/  {"\2", (void *) \&\2},/p'\'''
lt_cv_sys_global_symbol_to_c_name_address_lib_prefix='sed -n -e '\''s/^: \([^ ]*\) $/  {\"\1\", (void *) 0},/p'\'' -e '\''s/^[ABCDGIRSTW]* \([^ ]*\) \(lib[^ ]*\)$/  {"\2", (void *) \&\2},/p'\'' -e '\''s/^[ABCDGIRSTW]* \([^ ]*\) \([^ ]*\)$/  {"lib\2", (void *) \&\2},/p'\'''
lt_cv_sys_global_symbol_to_cdecl='sed -n -e '\''s/^T .* \(.*\)$/extern int \1();/p'\'' -e '\''s/^[ABCDGIRSTW]* .* \(.*\)$/extern char \1;/p'\'''
lt_cv_sys_max_cmd_len=1572864

## ----------------- ##
## Output variables. ##
## ----------------- ##

ACLOCAL='${SHELL} /projects/gtk/alacast/missing --run aclocal-1.10'
ALACAST_CFLAGS=''
ALACAST_LIBS=''
ALL_LINGUAS=''
AMDEPBACKSLASH='\'
AMDEP_FALSE='#'
AMDEP_TRUE=''
AMTAR='${SHELL} /projects/gtk/alacast/missing --run tar'
AR='ar'
AUTOCONF='${SHELL} /projects/gtk/alacast/missing --run autoconf'
AUTOHEADER='${SHELL} /projects/gtk/alacast/missing --run autoheader'
AUTOMAKE='${SHELL} /projects/gtk/alacast/missing --run automake-1.10'
AWK='gawk'
CATALOGS=''
CATOBJEXT='.gmo'
CC='/usr/bin/gcc'
CCDEPMODE='depmode=gcc3'
CFLAGS='-std=gnu99 -Wall -Wextra -Wformat=2 -Wswitch-default -Wswitch-enum -O3 -L/lib64 -L/usr/lib64 -L/usr/lib -L/lib -I/usr/include'
CPP='/usr/bin/cpp'
CPPFLAGS='-I/usr/include'
CYGPATH_W='echo'
DATADIRNAME='share'
DEFS=''
DEPDIR='.deps'
DSYMUTIL=''
DUMPBIN=''
ECHO_C=''
ECHO_N='-n'
ECHO_T=''
EGREP='/bin/grep -E'
EXEEXT=''
FGREP='/bin/grep -F'
GETTEXT_PACKAGE='alacast'
GMOFILES=''
GMSGFMT='/usr/bin/msgfmt'
GREP='/bin/grep'
INSTALL_DATA='${INSTALL} -m 644'
INSTALL_PROGRAM='${INSTALL}'
INSTALL_SCRIPT='${INSTALL}'
INSTALL_STRIP_PROGRAM='$(install_sh) -c -s'
INSTOBJEXT='.mo'
INTLLIBS=''
INTLTOOL_CAVES_RULE='%.caves:     %.caves.in     $(INTLTOOL_MERGE) $(wildcard $(top_srcdir)/po/*.po) ; LC_ALL=C $(INTLTOOL_MERGE) -d -u -c $(top_builddir)/po/.intltool-merge-cache $(top_srcdir)/po $< $@'
INTLTOOL_DESKTOP_RULE='%.desktop:   %.desktop.in   $(INTLTOOL_MERGE) $(wildcard $(top_srcdir)/po/*.po) ; LC_ALL=C $(INTLTOOL_MERGE) -d -u -c $(top_builddir)/po/.intltool-merge-cache $(top_srcdir)/po $< $@'
INTLTOOL_DIRECTORY_RULE='%.directory: %.directory.in $(INTLTOOL_MERGE) $(wildcard $(top_srcdir)/po/*.po) ; LC_ALL=C $(INTLTOOL_MERGE) -d -u -c $(top_builddir)/po/.intltool-merge-cache $(top_srcdir)/po $< $@'
INTLTOOL_EXTRACT='/usr/bin/intltool-extract'
INTLTOOL_KBD_RULE='%.kbd:       %.kbd.in       $(INTLTOOL_MERGE) $(wildcard $(top_srcdir)/po/*.po) ; LC_ALL=C $(INTLTOOL_MERGE) -x -u -m -c $(top_builddir)/po/.intltool-merge-cache $(top_srcdir)/po $< $@'
INTLTOOL_KEYS_RULE='%.keys:      %.keys.in      $(INTLTOOL_MERGE) $(wildcard $(top_srcdir)/po/*.po) ; LC_ALL=C $(INTLTOOL_MERGE) -k -u -c $(top_builddir)/po/.intltool-merge-cache $(top_srcdir)/po $< $@'
INTLTOOL_MERGE='/usr/bin/intltool-merge'
INTLTOOL_OAF_RULE='%.oaf:       %.oaf.in       $(INTLTOOL_MERGE) $(wildcard $(top_srcdir)/po/*.po) ; LC_ALL=C $(INTLTOOL_MERGE) -o -p $(top_srcdir)/po $< $@'
INTLTOOL_PERL='/usr/bin/perl'
INTLTOOL_POLICY_RULE='%.policy:    %.policy.in    $(INTLTOOL_MERGE) $(wildcard $(top_srcdir)/po/*.po) ; LC_ALL=C $(INTLTOOL_MERGE) -x -u -c $(top_builddir)/po/.intltool-merge-cache $(top_srcdir)/po $< $@'
INTLTOOL_PONG_RULE='%.pong:      %.pong.in      $(INTLTOOL_MERGE) $(wildcard $(top_srcdir)/po/*.po) ; LC_ALL=C $(INTLTOOL_MERGE) -x -u -c $(top_builddir)/po/.intltool-merge-cache $(top_srcdir)/po $< $@'
INTLTOOL_PROP_RULE='%.prop:      %.prop.in      $(INTLTOOL_MERGE) $(wildcard $(top_srcdir)/po/*.po) ; LC_ALL=C $(INTLTOOL_MERGE) -d -u -c $(top_builddir)/po/.intltool-merge-cache $(top_srcdir)/po $< $@'
INTLTOOL_SCHEMAS_RULE='%.schemas:   %.schemas.in   $(INTLTOOL_MERGE) $(wildcard $(top_srcdir)/po/*.po) ; LC_ALL=C $(INTLTOOL_MERGE) -s -u -c $(top_builddir)/po/.intltool-merge-cache $(top_srcdir)/po $< $@'
INTLTOOL_SERVER_RULE='%.server:    %.server.in    $(INTLTOOL_MERGE) $(wildcard $(top_srcdir)/po/*.po) ; LC_ALL=C $(INTLTOOL_MERGE) -o -u -c $(top_builddir)/po/.intltool-merge-cache $(top_srcdir)/po $< $@'
INTLTOOL_SERVICE_RULE='%.service: %.service.in   $(INTLTOOL_MERGE) $(wildcard $(top_srcdir)/po/*.po) ; LC_ALL=C $(INTLTOOL_MERGE) -d -u -c $(top_builddir)/po/.intltool-merge-cache $(top_srcdir)/po $< $@'
INTLTOOL_SHEET_RULE='%.sheet:     %.sheet.in     $(INTLTOOL_MERGE) $(wildcard $(top_srcdir)/po/*.po) ; LC_ALL=C $(INTLTOOL_MERGE) -x -u -c $(top_builddir)/po/.intltool-merge-cache $(top_srcdir)/po $< $@'
INTLTOOL_SOUNDLIST_RULE='%.soundlist: %.soundlist.in $(INTLTOOL_MERGE) $(wildcard $(top_srcdir)/po/*.po) ; LC_ALL=C $(INTLTOOL_MERGE) -d -u -c $(top_builddir)/po/.intltool-merge-cache $(top_srcdir)/po $< $@'
INTLTOOL_THEME_RULE='%.theme:     %.theme.in     $(INTLTOOL_MERGE) $(wildcard $(top_srcdir)/po/*.po) ; LC_ALL=C $(INTLTOOL_MERGE) -d -u -c $(top_builddir)/po/.intltool-merge-cache $(top_srcdir)/po $< $@'
INTLTOOL_UI_RULE='%.ui:        %.ui.in        $(INTLTOOL_MERGE) $(wildcard $(top_srcdir)/po/*.po) ; LC_ALL=C $(INTLTOOL_MERGE) -x -u -c $(top_builddir)/po/.intltool-merge-cache $(top_srcdir)/po $< $@'
INTLTOOL_UPDATE='/usr/bin/intltool-update'
INTLTOOL_XAM_RULE='%.xam:       %.xml.in       $(INTLTOOL_MERGE) $(wildcard $(top_srcdir)/po/*.po) ; LC_ALL=C $(INTLTOOL_MERGE) -x -u -c $(top_builddir)/po/.intltool-merge-cache $(top_srcdir)/po $< $@'
INTLTOOL_XML_NOMERGE_RULE='%.xml:       %.xml.in       $(INTLTOOL_MERGE) ; LC_ALL=C $(INTLTOOL_MERGE) -x -u /tmp $< $@'
INTLTOOL_XML_RULE='%.xml:       %.xml.in       $(INTLTOOL_MERGE) $(wildcard $(top_srcdir)/po/*.po) ; LC_ALL=C $(INTLTOOL_MERGE) -x -u -c $(top_builddir)/po/.intltool-merge-cache $(top_srcdir)/po $< $@'
LD='/usr/x86_64-suse-linux/bin/ld -m elf_x86_64'
LDFLAGS='-L/lib64 -L/usr/lib64 -L/usr/lib -L/lib'
LIBANJUTA_CFLAGS=''
LIBANJUTA_LIBS=''
LIBOBJS=''
LIBS='-L/lib64 -L/usr/lib64 -L/usr/lib -L/lib'
LIBTOOL='$(SHELL) $(top_builddir)/libtool'
LIPO=''
LN_S='ln -s'
LTLIBOBJS=''
MAINT=''
MAINTAINER_MODE_FALSE='#'
MAINTAINER_MODE_TRUE=''
MAKEINFO='${SHELL} /projects/gtk/alacast/missing --run makeinfo'
MKDIR_P='/bin/mkdir -p'
MSGFMT='/usr/bin/msgfmt'
MSGFMT_OPTS='-c'
MSGMERGE='/usr/bin/msgmerge'
NM='/usr/bin/nm -B'
NMEDIT=''
OBJDUMP='objdump'
OBJEXT='o'
OTOOL64=''
OTOOL=''
PACKAGE='alacast'
PACKAGE_BUGREPORT=''
PACKAGE_NAME='alacast'
PACKAGE_STRING='alacast 0.1.0.1'
PACKAGE_TARNAME='alacast'
PACKAGE_VERSION='0.1.0.1'
PATH_SEPARATOR=':'
PKG_CONFIG='/usr/bin/pkg-config'
POFILES=''
POSUB='po'
PO_IN_DATADIR_FALSE=''
PO_IN_DATADIR_TRUE=''
RANLIB='ranlib'
SED='/bin/sed'
SET_MAKE=''
SHELL='/bin/sh'
STRIP='strip'
USE_NLS='yes'
VALAC='/usr/bin/valac'
VERSION='0.1.0.1'
XGETTEXT='/usr/bin/xgettext'
ac_ct_CC='/usr/bin/gcc'
ac_ct_DUMPBIN=''
am__fastdepCC_FALSE='#'
am__fastdepCC_TRUE=''
am__include='include'
am__isrc=''
am__leading_dot='.'
am__quote=''
am__tar='${AMTAR} chof - "$$tardir"'
am__untar='${AMTAR} xf -'
anjuta_data_dir=''
anjuta_glade_dir=''
anjuta_image_dir=''
anjuta_plugin_dir=''
anjuta_ui_dir=''
anjutadatadir=''
anjutalibdir=''
bindir='${exec_prefix}/bin'
build='x86_64-suse-linux-gnu'
build_alias=''
build_cpu='x86_64'
build_os='linux-gnu'
build_vendor='suse'
datadir='${datarootdir}'
datarootdir='${prefix}/share'
docdir='${datarootdir}/doc/${PACKAGE_TARNAME}'
dvidir='${docdir}'
exec_prefix='NONE'
host='x86_64-suse-linux-gnu'
host_alias=''
host_cpu='x86_64'
host_os='linux-gnu'
host_vendor='suse'
htmldir='${docdir}'
includedir='${prefix}/include'
infodir='${datarootdir}/info'
install_sh='$(SHELL) /projects/gtk/alacast/install-sh'
libdir='${exec_prefix}/lib'
libexecdir='${exec_prefix}/libexec'
localedir='${datarootdir}/locale'
localstatedir='${prefix}/var'
lt_ECHO='echo'
mandir='${datarootdir}/man'
mkdir_p='/bin/mkdir -p'
oldincludedir='/usr/include'
pdfdir='${docdir}'
prefix='NONE'
program_transform_name='s,x,x,'
psdir='${docdir}'
sbindir='${exec_prefix}/sbin'
sharedstatedir='${prefix}/com'
sysconfdir='${prefix}/etc'
target_alias=''

## ----------- ##
## confdefs.h. ##
## ----------- ##

#define PACKAGE_NAME "alacast"
#define PACKAGE_TARNAME "alacast"
#define PACKAGE_VERSION "0.1.0.1"
#define PACKAGE_STRING "alacast 0.1.0.1"
#define PACKAGE_BUGREPORT ""
#define PACKAGE "alacast"
#define VERSION "0.1.0.1"
#define STDC_HEADERS 1
#define GETTEXT_PACKAGE "alacast"
#define HAVE_SYS_TYPES_H 1
#define HAVE_SYS_STAT_H 1
#define HAVE_STDLIB_H 1
#define HAVE_STRING_H 1
#define HAVE_MEMORY_H 1
#define HAVE_STRINGS_H 1
#define HAVE_INTTYPES_H 1
#define HAVE_STDINT_H 1
#define HAVE_UNISTD_H 1
#define HAVE_LOCALE_H 1
#define HAVE_LC_MESSAGES 1
#define HAVE_BIND_TEXTDOMAIN_CODESET 1
#define HAVE_GETTEXT 1
#define HAVE_DCGETTEXT 1
#define ENABLE_NLS 1
#define HAVE_DLFCN_H 1
#define LT_OBJDIR ".libs/"

configure: exit 1
