<?xml version="1.0"?>
<rss xmlns:content="http://purl.org/rss/1.0/modules/content/" xmlns:itunes="http://www.itunes.com/dtds/podcast-1.0.dtd" version="2.0"  xmlns:atom="http://www.w3.org/2005/Atom">
	<channel>
		<title>Dunkin the Vampire Slayer - A free audiobook by Greg Crites</title>
		<link>http://www.podiobooks.com/title/dunkin-the-vampire-slayer</link>
		<atom:link href="http://www.podiobooks.com/title/dunkin-the-vampire-slayer/feed" rel="self" type="application/rss+xml" />
		<description>In this podiobook: What could possibly bring together a 450 pound vampire slayer, a drunken, acid-tongued detective, a good natured carpenter, bureaucratic vampires, giant anacondas, mutant vampire bats, Ho Hos, Twinkies and more one-liners than a night at the comedy club? Dunkin, the vampire slayer blends all this discordance and more into a hilarious adventure that moves from the muggy heat of Florida to the muggier heat of the Amazon. ....If Carl Hiaasson, Tim Dorsey and Dave Barry collaborated on a vampire story, it may have turned out like this absurd romp.... This is part one of a trilogy.Hey! This is book one and the introduction of Devlin, hero of three other novels I have perpetrated on an unsuspecting public. Book two, Dunkin the Vampire Slayer: Death Rides A Pale, Pink, Porcine Horse is available at www.veinarmor.com. Book three, Dunkin the Vampire Slayer: It Ain't Over Til the Fat Man Stings is currently undergoing final hackery by me--The Hack!</description>
		<webMaster>webmaster@podiobooks.com (Chris Miller)</webMaster>
		<managingEditor>editor@podiobooks.com (Evo Terra)</managingEditor>
		<pubDate>Wed, 30 Jul 2008 14:02:39 -0400</pubDate>
		<category>podiobooks</category>
		<category>audio book</category>
		<category>Humor</category>
		<image>
			<url>http://www.podiobooks.com/images/covers/DunkinTheVampireSlayer.jpg</url>
			<width>144</width>
			<height>144</height>
			<link>http://www.podiobooks.com/title/dunkin-the-vampire-slayer</link>
			<title>Dunkin the Vampire Slayer - A free audiobook by Greg Crites</title>
		</image>
		<copyright>Some rights reserved, 2004-2005. Greg Crites</copyright>
		<language>en-us</language>
		<docs>http://blogs.law.harvard.edu/tech/rss</docs>
		<generator>Castermaster 1.0</generator>


<!-- Start iTunes tags -->
		<itunes:subtitle>A free audiobook by Greg Crites</itunes:subtitle>
		<itunes:summary>In this podiobook: What could possibly bring together a 450 pound vampire slayer, a drunken, acid-tongued detective, a good natured carpenter, bureaucratic vampires, giant anacondas, mutant vampire bats, Ho Hos, Twinkies and more one-liners than a night at the comedy club? Dunkin, the vampire slayer blends all this discordance and more into a hilarious adventure that moves from the muggy heat of Florida to the muggier heat of the Amazon. ....If Carl Hiaasson, Tim Dorsey and Dave Barry collaborated on a vampire story, it may have turned out like this absurd romp.... This is part one of a trilogy.Hey! This is book one and the introduction of Devlin, hero of three other novels I have perpetrated on an unsuspecting public. Book two, Dunkin the Vampire Slayer: Death Rides A Pale, Pink, Porcine Horse is available at www.veinarmor.com. Book three, Dunkin the Vampire Slayer: It Ain't Over Til the Fat Man Stings is currently undergoing final hackery by me--The Hack!</itunes:summary>
		<itunes:owner>			<itunes:email>evo@podiobooks.com</itunes:email>
			<itunes:name>Evo Terra</itunes:name>
		</itunes:owner>
		<itunes:author>Greg Crites</itunes:author>
<itunes:category text="Arts">
<itunes:category text="Literature"/>
</itunes:category>
		<itunes:image href="http://www.podiobooks.com/images/covers/DunkinTheVampireSlayer.jpg"/>
		<itunes:explicit>yes</itunes:explicit>
<!-- End iTunes tags -->
		

		<item>
			<title>Episode 1 - Dunkin the Vampire Slayer</title>
			<link>http://www.podiobooks.com/</link>
			<comments>http://www.podiobooks.com/blog/2008/07/23/dunkin-the-vampire-slayer/</comments>
			<description>-In this episode: Episode One: Chapter One: We meet Devlin for the first time as he is rudely interrupted while drinking. Chapter Two: We meet Ash who is rudely interrupted while working. Chapter Three: We meet Dunkin, then we meet some vampires who are rudely interrupted while sleeping. </description>
			<category>podiobooks</category>
			<category>audio book</category>
			<category>Humor</category>
			<guid isPermaLink="false">b05c1f2b71bb6c580016483c67c35caa</guid>
			<pubDate>Wed, 30 Jul 2008 14:02:39 -0400</pubDate>
			<author>editor@podiobooks.com (Evo Terra)</author>
			<enclosure url="http://www.podiobooks.com/sample/68441/PB-DunkinOne-01.mp3" length="23025748" type="audio/mpeg" />


			<!-- Start iTunes tags -->
			<itunes:author>Greg Crites</itunes:author>
			<itunes:subtitle>Episode One: Chapter One: We meet Devlin for...</itunes:subtitle>
			<itunes:summary>Episode One: Chapter One: We meet Devlin for the first time as he is rudely interrupted while drinking. Chapter Two: We meet Ash who is rudely interrupted while working. Chapter Three: We meet Dunkin, then we meet some vampires who are rudely interrupted while sleeping.</itunes:summary>
		<itunes:explicit>yes</itunes:explicit>
			<itunes:duration>00:45:00</itunes:duration>
			<itunes:keywords>DunkintheVampireSlayer, Greg Crites, Humor, podiobook, audio book</itunes:keywords>
			<!-- End iTunes tags -->


		</item>
		<item>
			<title>Episode 2 - Dunkin the Vampire Slayer</title>
			<link>http://www.podiobooks.com/</link>
			<comments>http://www.podiobooks.com/blog/2008/07/23/dunkin-the-vampire-slayer/</comments>
			<description>-In this episode: Episode Two: Chapter Four: Dirty Deeds Done Dirt Cheap -Devlin shows why he is so popular among his peers. Chapter Five: All For One and One For All - A twisted corkscrewing of fate brings three strangers together. </description>
			<category>podiobooks</category>
			<category>audio book</category>
			<category>Humor</category>
			<guid isPermaLink="false">4128455abdab6fb33734c16ae2c771d2</guid>
			<pubDate>Tue, 29 Jul 2008 14:02:39 -0400</pubDate>
			<author>editor@podiobooks.com (Evo Terra)</author>
			<enclosure url="http://www.podiobooks.com/sample/68442/PB-DunkinOne-02.mp3" length="21816994" type="audio/mpeg" />


			<!-- Start iTunes tags -->
			<itunes:author>Greg Crites</itunes:author>
			<itunes:subtitle>Episode Two: Chapter Four: Dirty Deeds Done Dirt...</itunes:subtitle>
			<itunes:summary>Episode Two: Chapter Four: Dirty Deeds Done Dirt Cheap -Devlin shows why he is so popular among his peers. Chapter Five: All For One and One For All - A twisted corkscrewing of fate brings three strangers together.</itunes:summary>
		<itunes:explicit>yes</itunes:explicit>
			<itunes:duration>00:45:00</itunes:duration>
			<itunes:keywords>DunkintheVampireSlayer, Greg Crites, Humor, podiobook, audio book</itunes:keywords>
			<!-- End iTunes tags -->


		</item>
		<item>
			<title>Episode 3 - Dunkin the Vampire Slayer</title>
			<link>http://www.podiobooks.com/</link>
			<comments>http://www.podiobooks.com/blog/2008/07/23/dunkin-the-vampire-slayer/</comments>
			<description>-In this episode: Episode Three: Chapter Six: A Mother's Love or Cut Me a Willow Switch - Our three intrepid heroes show a united front when Devlin's mother, Aggie, is in danger. </description>
			<category>podiobooks</category>
			<category>audio book</category>
			<category>Humor</category>
			<guid isPermaLink="false">e1ebb515f3799263dfe849fe5e775767</guid>
			<pubDate>Mon, 28 Jul 2008 14:02:39 -0400</pubDate>
			<author>editor@podiobooks.com (Evo Terra)</author>
			<enclosure url="http://www.podiobooks.com/sample/68443/PB-DunkinOne-03.mp3" length="21488060" type="audio/mpeg" />


			<!-- Start iTunes tags -->
			<itunes:author>Greg Crites</itunes:author>
			<itunes:subtitle>Episode Three: Chapter Six: A Mother's Love or...</itunes:subtitle>
			<itunes:summary>Episode Three: Chapter Six: A Mother's Love or Cut Me a Willow Switch - Our three intrepid heroes show a united front when Devlin's mother, Aggie, is in danger.</itunes:summary>
		<itunes:explicit>yes</itunes:explicit>
			<itunes:duration>00:45:00</itunes:duration>
			<itunes:keywords>DunkintheVampireSlayer, Greg Crites, Humor, podiobook, audio book</itunes:keywords>
			<!-- End iTunes tags -->


		</item>
		<item>
			<title>Episode 4 - Dunkin the Vampire Slayer</title>
			<link>http://www.podiobooks.com/</link>
			<comments>http://www.podiobooks.com/blog/2008/07/23/dunkin-the-vampire-slayer/</comments>
			<description>-In this episode: Episode Four: Chapter Seven: Sugar and Spice and Everything.... Flatulent -We meet the Master Vampire, Creel. Chapter Eight: Potatohead Mythology - Dunkin relates the myth of the Irish Vampire Warrior line. </description>
			<category>podiobooks</category>
			<category>audio book</category>
			<category>Humor</category>
			<guid isPermaLink="false">c2a1f44555d7458b7a0f52402e467224</guid>
			<pubDate>Sun, 27 Jul 2008 14:02:39 -0400</pubDate>
			<author>editor@podiobooks.com (Evo Terra)</author>
			<enclosure url="http://www.podiobooks.com/sample/68444/PB-DunkinOne-04.mp3" length="24803312" type="audio/mpeg" />


			<!-- Start iTunes tags -->
			<itunes:author>Greg Crites</itunes:author>
			<itunes:subtitle>Episode Four: Chapter Seven: Sugar and Spice and...</itunes:subtitle>
			<itunes:summary>Episode Four: Chapter Seven: Sugar and Spice and Everything.... Flatulent -We meet the Master Vampire, Creel. Chapter Eight: Potatohead Mythology - Dunkin relates the myth of the Irish Vampire Warrior line.</itunes:summary>
		<itunes:explicit>yes</itunes:explicit>
			<itunes:duration>00:45:00</itunes:duration>
			<itunes:keywords>DunkintheVampireSlayer, Greg Crites, Humor, podiobook, audio book</itunes:keywords>
			<!-- End iTunes tags -->


		</item>
		<item>
			<title>Episode 5 - Dunkin the Vampire Slayer</title>
			<link>http://www.podiobooks.com/</link>
			<comments>http://www.podiobooks.com/blog/2008/07/23/dunkin-the-vampire-slayer/</comments>
			<description>-In this episode: Episode Five: Chapter Nine: Can you feel the love? A short chapter wherein Creel plots against Dunkin. </description>
			<category>podiobooks</category>
			<category>audio book</category>
			<category>Humor</category>
			<guid isPermaLink="false">a8efeafb74c85e81c39de3c56c27bae7</guid>
			<pubDate>Sat, 26 Jul 2008 14:02:39 -0400</pubDate>
			<author>editor@podiobooks.com (Evo Terra)</author>
			<enclosure url="http://www.podiobooks.com/sample/68445/PB-DunkinOne-05.mp3" length="12743517" type="audio/mpeg" />


			<!-- Start iTunes tags -->
			<itunes:author>Greg Crites</itunes:author>
			<itunes:subtitle>Episode Five: Chapter Nine: Can you feel the...</itunes:subtitle>
			<itunes:summary>Episode Five: Chapter Nine: Can you feel the love? A short chapter wherein Creel plots against Dunkin.</itunes:summary>
		<itunes:explicit>yes</itunes:explicit>
			<itunes:duration>00:45:00</itunes:duration>
			<itunes:keywords>DunkintheVampireSlayer, Greg Crites, Humor, podiobook, audio book</itunes:keywords>
			<!-- End iTunes tags -->


		</item>
		<item>
			<title>Episode 6 - Dunkin the Vampire Slayer</title>
			<link>http://www.podiobooks.com/</link>
			<comments>http://www.podiobooks.com/blog/2008/07/23/dunkin-the-vampire-slayer/</comments>
			<description>-In this episode: Episode Six: Chapter Ten: Where oh Where Can the Vampire's Be? - Devlin exhibits the skills that make him a fine detective and drinker. </description>
			<category>podiobooks</category>
			<category>audio book</category>
			<category>Humor</category>
			<guid isPermaLink="false">96c48b2394e53a4cdbc7617c80a481b0</guid>
			<pubDate>Fri, 25 Jul 2008 14:02:39 -0400</pubDate>
			<author>editor@podiobooks.com (Evo Terra)</author>
			<enclosure url="http://www.podiobooks.com/sample/68446/PB-DunkinOne-06.mp3" length="23098874" type="audio/mpeg" />


			<!-- Start iTunes tags -->
			<itunes:author>Greg Crites</itunes:author>
			<itunes:subtitle>Episode Six: Chapter Ten: Where oh Where Can...</itunes:subtitle>
			<itunes:summary>Episode Six: Chapter Ten: Where oh Where Can the Vampire's Be? - Devlin exhibits the skills that make him a fine detective and drinker.</itunes:summary>
		<itunes:explicit>yes</itunes:explicit>
			<itunes:duration>00:45:00</itunes:duration>
			<itunes:keywords>DunkintheVampireSlayer, Greg Crites, Humor, podiobook, audio book</itunes:keywords>
			<!-- End iTunes tags -->


		</item>
		<item>
			<title>Episode 7 - Dunkin the Vampire Slayer</title>
			<link>http://www.podiobooks.com/</link>
			<comments>http://www.podiobooks.com/blog/2008/07/23/dunkin-the-vampire-slayer/</comments>
			<description>-In this episode: Episode Seven: Chapter Eleven: Crowds Make Me Nervous - A first violent encounter, and tragedy strikes. </description>
			<category>podiobooks</category>
			<category>audio book</category>
			<category>Humor</category>
			<guid isPermaLink="false">23d7189cd96dd88d95aa437d34818cfd</guid>
			<pubDate>Thu, 24 Jul 2008 14:02:39 -0400</pubDate>
			<author>editor@podiobooks.com (Evo Terra)</author>
			<enclosure url="http://www.podiobooks.com/sample/68447/PB-DunkinOne-07.mp3" length="24271668" type="audio/mpeg" />


			<!-- Start iTunes tags -->
			<itunes:author>Greg Crites</itunes:author>
			<itunes:subtitle>Episode Seven: Chapter Eleven: Crowds Make Me Nervous...</itunes:subtitle>
			<itunes:summary>Episode Seven: Chapter Eleven: Crowds Make Me Nervous - A first violent encounter, and tragedy strikes.</itunes:summary>
		<itunes:explicit>yes</itunes:explicit>
			<itunes:duration>00:45:00</itunes:duration>
			<itunes:keywords>DunkintheVampireSlayer, Greg Crites, Humor, podiobook, audio book</itunes:keywords>
			<!-- End iTunes tags -->


		</item>
		<item>
			<title>Episode 8 - Dunkin the Vampire Slayer</title>
			<link>http://www.podiobooks.com/</link>
			<comments>http://www.podiobooks.com/blog/2008/07/23/dunkin-the-vampire-slayer/</comments>
			<description>-In this episode: Episode Eight: Chapter Twelve: Death, Where Is Thy Sting? Is this the end of the foul-mouthed one? Chapter Thirteen: They Did the Mash, They Did the Vampire-Mash - Creel expresses his anger, then the vampires conduct a strategy meeting. </description>
			<category>podiobooks</category>
			<category>audio book</category>
			<category>Humor</category>
			<guid isPermaLink="false">81b77bfd2063a6f507fdfb5395019b84</guid>
			<pubDate>Wed, 23 Jul 2008 14:02:39 -0400</pubDate>
			<author>editor@podiobooks.com (Evo Terra)</author>
			<enclosure url="http://www.podiobooks.com/sample/68448/PB-DunkinOne-08.mp3" length="25467031" type="audio/mpeg" />


			<!-- Start iTunes tags -->
			<itunes:author>Greg Crites</itunes:author>
			<itunes:subtitle>Episode Eight: Chapter Twelve: Death, Where Is Thy...</itunes:subtitle>
			<itunes:summary>Episode Eight: Chapter Twelve: Death, Where Is Thy Sting? Is this the end of the foul-mouthed one? Chapter Thirteen: They Did the Mash, They Did the Vampire-Mash - Creel expresses his anger, then the vampires conduct a strategy meeting.</itunes:summary>
		<itunes:explicit>yes</itunes:explicit>
			<itunes:duration>00:45:00</itunes:duration>
			<itunes:keywords>DunkintheVampireSlayer, Greg Crites, Humor, podiobook, audio book</itunes:keywords>
			<!-- End iTunes tags -->


		</item>
		<item>
			<title>Episode 9 - Dunkin the Vampire Slayer</title>
			<link>http://www.podiobooks.com/</link>
			<comments>http://www.podiobooks.com/blog/2008/07/23/dunkin-the-vampire-slayer/</comments>
			<description>-In this episode: Episode Nine: Chapter Fourteen: Roses Are Red, Dunkin Is Huge... -Love strikes from an unlikely source. </description>
			<category>podiobooks</category>
			<category>audio book</category>
			<category>Humor</category>
			<guid isPermaLink="false">4009adc935fac2d0aa201db97bf3c92d</guid>
			<pubDate>Tue, 22 Jul 2008 14:02:39 -0400</pubDate>
			<author>editor@podiobooks.com (Evo Terra)</author>
			<enclosure url="http://www.podiobooks.com/sample/68449/PB-DunkinOne-09.mp3" length="15992732" type="audio/mpeg" />


			<!-- Start iTunes tags -->
			<itunes:author>Greg Crites</itunes:author>
			<itunes:subtitle>Episode Nine: Chapter Fourteen: Roses Are Red, Dunkin...</itunes:subtitle>
			<itunes:summary>Episode Nine: Chapter Fourteen: Roses Are Red, Dunkin Is Huge... -Love strikes from an unlikely source.</itunes:summary>
		<itunes:explicit>yes</itunes:explicit>
			<itunes:duration>00:45:00</itunes:duration>
			<itunes:keywords>DunkintheVampireSlayer, Greg Crites, Humor, podiobook, audio book</itunes:keywords>
			<!-- End iTunes tags -->


		</item>
		<item>
			<title>Episode 10 - Dunkin the Vampire Slayer</title>
			<link>http://www.podiobooks.com/</link>
			<comments>http://www.podiobooks.com/blog/2008/07/23/dunkin-the-vampire-slayer/</comments>
			<description>-In this episode: Episode Ten: Chapter Fifteen: What the world needs now.... are a few less vampires. - The start of a big war no one was ready for. </description>
			<category>podiobooks</category>
			<category>audio book</category>
			<category>Humor</category>
			<guid isPermaLink="false">3f6bcd06b165a700519277d8d9c0d195</guid>
			<pubDate>Mon, 21 Jul 2008 14:02:39 -0400</pubDate>
			<author>editor@podiobooks.com (Evo Terra)</author>
			<enclosure url="http://www.podiobooks.com/sample/68450/PB-DunkinOne-10.mp3" length="16922274" type="audio/mpeg" />


			<!-- Start iTunes tags -->
			<itunes:author>Greg Crites</itunes:author>
			<itunes:subtitle>Episode Ten: Chapter Fifteen: What the world needs...</itunes:subtitle>
			<itunes:summary>Episode Ten: Chapter Fifteen: What the world needs now.... are a few less vampires. - The start of a big war no one was ready for.</itunes:summary>
		<itunes:explicit>yes</itunes:explicit>
			<itunes:duration>00:45:00</itunes:duration>
			<itunes:keywords>DunkintheVampireSlayer, Greg Crites, Humor, podiobook, audio book</itunes:keywords>
			<!-- End iTunes tags -->


		</item>
		<item>
			<title>Episode 11 - Dunkin the Vampire Slayer</title>
			<link>http://www.podiobooks.com/</link>
			<comments>http://www.podiobooks.com/blog/2008/07/23/dunkin-the-vampire-slayer/</comments>
			<description>-In this episode: Episode Eleven: Chapter Sixteen: Stick your head between your legs, and kiss your ass goodbye - The gang encounters more resistance than they expect. Is this the end? Chapter Seventeen: It's Only a Flesh Wound - A titanic battle. A surprise ally. A disappearing drunk. </description>
			<category>podiobooks</category>
			<category>audio book</category>
			<category>Humor</category>
			<guid isPermaLink="false">140a7e9e053dbdf6323646f774c3a01f</guid>
			<pubDate>Sun, 20 Jul 2008 14:02:39 -0400</pubDate>
			<author>editor@podiobooks.com (Evo Terra)</author>
			<enclosure url="http://www.podiobooks.com/sample/68452/PB-DunkinOne-11.mp3" length="29779953" type="audio/mpeg" />


			<!-- Start iTunes tags -->
			<itunes:author>Greg Crites</itunes:author>
			<itunes:subtitle>Episode Eleven: Chapter Sixteen: Stick your head between...</itunes:subtitle>
			<itunes:summary>Episode Eleven: Chapter Sixteen: Stick your head between your legs, and kiss your ass goodbye - The gang encounters more resistance than they expect. Is this the end? Chapter Seventeen: It's Only a Flesh Wound - A titanic battle. A surprise ally. A disappearing drunk.</itunes:summary>
		<itunes:explicit>yes</itunes:explicit>
			<itunes:duration>00:45:00</itunes:duration>
			<itunes:keywords>DunkintheVampireSlayer, Greg Crites, Humor, podiobook, audio book</itunes:keywords>
			<!-- End iTunes tags -->


		</item>
		<item>
			<title>Episode 12 - Dunkin the Vampire Slayer</title>
			<link>http://www.podiobooks.com/</link>
			<comments>http://www.podiobooks.com/blog/2008/07/23/dunkin-the-vampire-slayer/</comments>
			<description>-In this episode: Episode Twelve: Chapter Eighteen: Have A Drink On Me - Devlin makes another poor decision, and this one WILL leave a mark. Chapter Nineteen: I'd Rather Spike, Than Switch - What kind of monster will this be? </description>
			<category>podiobooks</category>
			<category>audio book</category>
			<category>Humor</category>
			<guid isPermaLink="false">5fe71a25ac1ccb851fc827eabe763239</guid>
			<pubDate>Sat, 19 Jul 2008 14:02:39 -0400</pubDate>
			<author>editor@podiobooks.com (Evo Terra)</author>
			<enclosure url="http://www.podiobooks.com/sample/68453/PB-DunkinOne-12.mp3" length="30528936" type="audio/mpeg" />


			<!-- Start iTunes tags -->
			<itunes:author>Greg Crites</itunes:author>
			<itunes:subtitle>Episode Twelve: Chapter Eighteen: Have A Drink On...</itunes:subtitle>
			<itunes:summary>Episode Twelve: Chapter Eighteen: Have A Drink On Me - Devlin makes another poor decision, and this one WILL leave a mark. Chapter Nineteen: I'd Rather Spike, Than Switch - What kind of monster will this be?</itunes:summary>
		<itunes:explicit>yes</itunes:explicit>
			<itunes:duration>00:45:00</itunes:duration>
			<itunes:keywords>DunkintheVampireSlayer, Greg Crites, Humor, podiobook, audio book</itunes:keywords>
			<!-- End iTunes tags -->


		</item>
		<item>
			<title>Episode 13 - Dunkin the Vampire Slayer</title>
			<link>http://www.podiobooks.com/</link>
			<comments>http://www.podiobooks.com/blog/2008/07/23/dunkin-the-vampire-slayer/</comments>
			<description>-In this episode: Episode Thirteen: Chapter Twenty: Turn And Face the Strange Changes - Devlin awakens to his new existence. Is he a good monster? </description>
			<category>podiobooks</category>
			<category>audio book</category>
			<category>Humor</category>
			<guid isPermaLink="false">ca254e29f04647b974ef7fbed23f478c</guid>
			<pubDate>Fri, 18 Jul 2008 14:02:39 -0400</pubDate>
			<author>editor@podiobooks.com (Evo Terra)</author>
			<enclosure url="http://www.podiobooks.com/sample/68454/PB-DunkinOne-13.mp3" length="17860175" type="audio/mpeg" />


			<!-- Start iTunes tags -->
			<itunes:author>Greg Crites</itunes:author>
			<itunes:subtitle>Episode Thirteen: Chapter Twenty: Turn And Face the...</itunes:subtitle>
			<itunes:summary>Episode Thirteen: Chapter Twenty: Turn And Face the Strange Changes - Devlin awakens to his new existence. Is he a good monster?</itunes:summary>
		<itunes:explicit>yes</itunes:explicit>
			<itunes:duration>00:45:00</itunes:duration>
			<itunes:keywords>DunkintheVampireSlayer, Greg Crites, Humor, podiobook, audio book</itunes:keywords>
			<!-- End iTunes tags -->


		</item>
		<item>
			<title>Episode 14 - Dunkin the Vampire Slayer</title>
			<link>http://www.podiobooks.com/</link>
			<comments>http://www.podiobooks.com/blog/2008/07/23/dunkin-the-vampire-slayer/</comments>
			<description>-In this episode: Episode Fourteen: Chapter Twenty-One: Who You Gonna Call? - The High Council of Vampires have a meeting and agree; Dunkin Must Be Destroyed! </description>
			<category>podiobooks</category>
			<category>audio book</category>
			<category>Humor</category>
			<guid isPermaLink="false">4d3de7be54a8ccbee0520cec3f601490</guid>
			<pubDate>Thu, 17 Jul 2008 14:02:39 -0400</pubDate>
			<author>editor@podiobooks.com (Evo Terra)</author>
			<enclosure url="http://www.podiobooks.com/sample/68455/PB-DunkinOne-14.mp3" length="25370066" type="audio/mpeg" />


			<!-- Start iTunes tags -->
			<itunes:author>Greg Crites</itunes:author>
			<itunes:subtitle>Episode Fourteen: Chapter Twenty-One: Who You Gonna Call?...</itunes:subtitle>
			<itunes:summary>Episode Fourteen: Chapter Twenty-One: Who You Gonna Call? - The High Council of Vampires have a meeting and agree; Dunkin Must Be Destroyed!</itunes:summary>
		<itunes:explicit>yes</itunes:explicit>
			<itunes:duration>00:45:00</itunes:duration>
			<itunes:keywords>DunkintheVampireSlayer, Greg Crites, Humor, podiobook, audio book</itunes:keywords>
			<!-- End iTunes tags -->


		</item>
		<item>
			<title>Episode 15 - Dunkin the Vampire Slayer</title>
			<link>http://www.podiobooks.com/</link>
			<comments>http://www.podiobooks.com/blog/2008/07/23/dunkin-the-vampire-slayer/</comments>
			<description>-In this episode: Episode Fifteen: Chapter Twenty-Two: Your Timing Sucks! - Devlin proves again why he is both a pain-in-the-ass and a valuable member of the team. Chapter Twenty-Three: Row, Row, Row Your Boat - Plotting. Monsters. A trip upriver. </description>
			<category>podiobooks</category>
			<category>audio book</category>
			<category>Humor</category>
			<guid isPermaLink="false">1b028478b6fe76fb66c138967924bf56</guid>
			<pubDate>Wed, 16 Jul 2008 14:02:39 -0400</pubDate>
			<author>editor@podiobooks.com (Evo Terra)</author>
			<enclosure url="http://www.podiobooks.com/sample/68456/PB-DunkinOne-15.mp3" length="26024590" type="audio/mpeg" />


			<!-- Start iTunes tags -->
			<itunes:author>Greg Crites</itunes:author>
			<itunes:subtitle>Episode Fifteen: Chapter Twenty-Two: Your Timing Sucks! -...</itunes:subtitle>
			<itunes:summary>Episode Fifteen: Chapter Twenty-Two: Your Timing Sucks! - Devlin proves again why he is both a pain-in-the-ass and a valuable member of the team. Chapter Twenty-Three: Row, Row, Row Your Boat - Plotting. Monsters. A trip upriver.</itunes:summary>
		<itunes:explicit>yes</itunes:explicit>
			<itunes:duration>00:45:00</itunes:duration>
			<itunes:keywords>DunkintheVampireSlayer, Greg Crites, Humor, podiobook, audio book</itunes:keywords>
			<!-- End iTunes tags -->


		</item>
		<item>
			<title>Episode 16 - Dunkin the Vampire Slayer</title>
			<link>http://www.podiobooks.com/</link>
			<comments>http://www.podiobooks.com/blog/2008/07/23/dunkin-the-vampire-slayer/</comments>
			<description>-In this episode: Episode Sixteen: Chapter Twenty-Four: Riverworld - Unexpected visitors, an ancient gift. Chapter Twenty-Five: Coitus Interruptus Redux...or Coiless Interruptus - Oh is Dunkin pissed now! </description>
			<category>podiobooks</category>
			<category>audio book</category>
			<category>Humor</category>
			<guid isPermaLink="false">38dd1fef88457b0b8f6b3f427a12f02f</guid>
			<pubDate>Tue, 15 Jul 2008 14:02:39 -0400</pubDate>
			<author>editor@podiobooks.com (Evo Terra)</author>
			<enclosure url="http://www.podiobooks.com/sample/68457/PB-DunkinOne-16.mp3" length="31193909" type="audio/mpeg" />


			<!-- Start iTunes tags -->
			<itunes:author>Greg Crites</itunes:author>
			<itunes:subtitle>Episode Sixteen: Chapter Twenty-Four: Riverworld - Unexpected visitors,...</itunes:subtitle>
			<itunes:summary>Episode Sixteen: Chapter Twenty-Four: Riverworld - Unexpected visitors, an ancient gift. Chapter Twenty-Five: Coitus Interruptus Redux...or Coiless Interruptus - Oh is Dunkin pissed now!</itunes:summary>
		<itunes:explicit>yes</itunes:explicit>
			<itunes:duration>00:45:00</itunes:duration>
			<itunes:keywords>DunkintheVampireSlayer, Greg Crites, Humor, podiobook, audio book</itunes:keywords>
			<!-- End iTunes tags -->


		</item>
		<item>
			<title>Episode 17 - Dunkin the Vampire Slayer</title>
			<link>http://www.podiobooks.com/</link>
			<comments>http://www.podiobooks.com/blog/2008/07/23/dunkin-the-vampire-slayer/</comments>
			<description>-In this episode: Episode Seventeen: Chapter Twenty-Six: Let's Go Camping - It's Battle Royale time! Chapter Twenty-Seven: Rumble In the Jungle - Is it over? Did we live? </description>
			<category>podiobooks</category>
			<category>audio book</category>
			<category>Humor</category>
			<guid isPermaLink="false">2b56a61aec3f4d980545ba7ad767a9b6</guid>
			<pubDate>Mon, 14 Jul 2008 14:02:39 -0400</pubDate>
			<author>editor@podiobooks.com (Evo Terra)</author>
			<enclosure url="http://www.podiobooks.com/sample/68458/PB-DunkinOne-17.mp3" length="32982357" type="audio/mpeg" />


			<!-- Start iTunes tags -->
			<itunes:author>Greg Crites</itunes:author>
			<itunes:subtitle>Episode Seventeen: Chapter Twenty-Six: Let's Go Camping -...</itunes:subtitle>
			<itunes:summary>Episode Seventeen: Chapter Twenty-Six: Let's Go Camping - It's Battle Royale time! Chapter Twenty-Seven: Rumble In the Jungle - Is it over? Did we live?</itunes:summary>
		<itunes:explicit>yes</itunes:explicit>
			<itunes:duration>00:45:00</itunes:duration>
			<itunes:keywords>DunkintheVampireSlayer, Greg Crites, Humor, podiobook, audio book</itunes:keywords>
			<!-- End iTunes tags -->


		</item>
		<item>
			<title>Episode 18  - Dunkin the Vampire Slayer</title>
			<link>http://www.podiobooks.com/</link>
			<comments>http://www.podiobooks.com/blog/2008/07/23/dunkin-the-vampire-slayer/</comments>
			<description>-In this episode: Episode Eighteen: Chapter Twenty-Eight: A Pound of Flesh - The heroes face a High Council vampire. </description>
			<category>podiobooks</category>
			<category>audio book</category>
			<category>Humor</category>
			<guid isPermaLink="false">5da68cdad16d2c3870ad4958459feb14</guid>
			<pubDate>Sun, 13 Jul 2008 14:02:39 -0400</pubDate>
			<author>editor@podiobooks.com (Evo Terra)</author>
			<enclosure url="http://www.podiobooks.com/sample/68525/PB-DunkinOne-18.mp3" length="15908304" type="audio/mpeg" />


			<!-- Start iTunes tags -->
			<itunes:author>Greg Crites</itunes:author>
			<itunes:subtitle>Episode Eighteen: Chapter Twenty-Eight: A Pound of Flesh...</itunes:subtitle>
			<itunes:summary>Episode Eighteen: Chapter Twenty-Eight: A Pound of Flesh - The heroes face a High Council vampire.</itunes:summary>
		<itunes:explicit>yes</itunes:explicit>
			<itunes:duration>00:45:00</itunes:duration>
			<itunes:keywords>DunkintheVampireSlayer, Greg Crites, Humor, podiobook, audio book</itunes:keywords>
			<!-- End iTunes tags -->


		</item>
		<item>
			<title>Episode 19 - Dunkin the Vampire Slayer</title>
			<link>http://www.podiobooks.com/</link>
			<comments>http://www.podiobooks.com/blog/2008/07/23/dunkin-the-vampire-slayer/</comments>
			<description>-In this episode: Episode Nineteen: Chapter Twenty-Nine: The Obligatory Chase Scene - Dunkin and crew set off after their nemesis.  </description>
			<category>podiobooks</category>
			<category>audio book</category>
			<category>Humor</category>
			<guid isPermaLink="false">b0ced4ead16f6ad62601795bcdfb5758</guid>
			<pubDate>Sat, 12 Jul 2008 14:02:39 -0400</pubDate>
			<author>editor@podiobooks.com (Evo Terra)</author>
			<enclosure url="http://www.podiobooks.com/sample/68526/PB-DunkinOne-19.mp3" length="13378815" type="audio/mpeg" />


			<!-- Start iTunes tags -->
			<itunes:author>Greg Crites</itunes:author>
			<itunes:subtitle>Episode Nineteen: Chapter Twenty-Nine: The Obligatory Chase Scene...</itunes:subtitle>
			<itunes:summary>Episode Nineteen: Chapter Twenty-Nine: The Obligatory Chase Scene - Dunkin and crew set off after their nemesis. </itunes:summary>
		<itunes:explicit>yes</itunes:explicit>
			<itunes:duration>00:45:00</itunes:duration>
			<itunes:keywords>DunkintheVampireSlayer, Greg Crites, Humor, podiobook, audio book</itunes:keywords>
			<!-- End iTunes tags -->


		</item>
		<item>
			<title>Episode 20 - Dunkin the Vampire Slayer</title>
			<link>http://www.podiobooks.com/</link>
			<comments>http://www.podiobooks.com/blog/2008/07/23/dunkin-the-vampire-slayer/</comments>
			<description>-In this episode: Episode Twenty: Chapter 30: Is This the End? - This is the final chapter of Dunkin the Vampire Slayer: Something Porcine This Way Comes, book one of a trilogy. </description>
			<category>podiobooks</category>
			<category>audio book</category>
			<category>Humor</category>
			<guid isPermaLink="false">839e023ffbc045d1b48c6c4d0043f544</guid>
			<pubDate>Fri, 11 Jul 2008 14:02:39 -0400</pubDate>
			<author>editor@podiobooks.com (Evo Terra)</author>
			<enclosure url="http://www.podiobooks.com/sample/68528/PB-DunkinOne-20.mp3" length="12399956" type="audio/mpeg" />


			<!-- Start iTunes tags -->
			<itunes:author>Greg Crites</itunes:author>
			<itunes:subtitle>Episode Twenty: Chapter 30: Is This the End?...</itunes:subtitle>
			<itunes:summary>Episode Twenty: Chapter 30: Is This the End? - This is the final chapter of Dunkin the Vampire Slayer: Something Porcine This Way Comes, book one of a trilogy.</itunes:summary>
		<itunes:explicit>yes</itunes:explicit>
			<itunes:duration>00:45:00</itunes:duration>
			<itunes:keywords>DunkintheVampireSlayer, Greg Crites, Humor, podiobook, audio book</itunes:keywords>
			<!-- End iTunes tags -->


		</item>
		<item>
			<title>Dunkin the Vampire Slayer - The End</title>
			<link>http://www.podiobooks.com/</link>
			<comments>http://www.podiobooks.com/blog/2008/07/23/dunkin-the-vampire-slayer/</comments>
			<description>The End</description>
			<category>podiobooks</category>
			<category>audio book</category>
			<category>Humor</category>
			<guid isPermaLink="false">f524efe409f56aa9fc91041c37b2c2cb</guid>
			<pubDate>Fri, 11 Jul 2008 14:02:39 -0400</pubDate>
			<author>editor@podiobooks.com (Evo Terra)</author>
			<enclosure url="http://www.podiobooks.com/sample/0/theend.mp3" length="404254" type="audio/mpeg" />


			<!-- Start iTunes tags -->
			<itunes:author>Podiobooks Staff</itunes:author>
			<itunes:subtitle>The End</itunes:subtitle>
			<itunes:summary>The End</itunes:summary>
		<itunes:explicit>yes</itunes:explicit>
			<itunes:duration>00:02:00</itunes:duration>
			<itunes:keywords>DunkintheVampireSlayer, Greg Crites, Humor, podiobook, audio book</itunes:keywords>
			<!-- End iTunes tags -->


		</item>
	
	</channel>
</rss>