Loading repository data...
S | Name                                  | Type       | Version                    | Arch   | Repository                
--+---------------------------------------+------------+----------------------------+--------+---------------------------
i | IPython                               | package    | 0.10-3.2                   | noarch | repo-oss                  
i | dbus-1-python                         | package    | 0.83.0-28.2                | x86_64 | repo-oss                  
i | gimp-plugins-python                   | package    | 2.6.7-4.4                  | x86_64 | repo-oss                  
i | gnome-python-desktop                  | package    | 2.28.0-2.3                 | x86_64 | repo-oss                  
i | libboost_python1_39_0                 | package    | 1.39.0-19.1                | x86_64 | (System Packages)         
i | libgpod-python                        | package    | 0.7.2-100.pm.102.2         | x86_64 | (System Packages)         
i | libpython2_6-1_0                      | package    | 2.6.2-6.3                  | x86_64 | repo-oss                  
i | libxml2-python                        | package    | 2.7.3-2.2                  | x86_64 | repo-oss                  
i | python                                | package    | 2.6.2-6.3                  | x86_64 | repo-oss                  
i | python-CDDB                           | package    | 1.4-0.pm.4.1               | x86_64 | 3rdParty:PackMan          
i | python-ReportLab                      | package    | 2.3-1.1                    | x86_64 | repo-contrib-standard     
i | python-SOAPpy                         | package    | 0.12.0-0.pm.2.1            | i586   | 3rdParty:PackMan          
i | python-avahi                          | package    | 0.6.25-4.5.1               | x86_64 | repo-oss                  
i | python-base                           | package    | 2.6.2-6.3                  | x86_64 | repo-oss                  
i | python-beautifulsoup                  | package    | 3.0.8.1-1.1                | noarch | devel:languages:python    
i | python-cairo                          | package    | 1.8.6-2.1                  | x86_64 | repo-oss                  
i | python-cairo-devel                    | package    | 1.8.6-2.1                  | x86_64 | repo-oss                  
i | python-coherence                      | package    | 0.6.4-5.1                  | x86_64 | repo-oss                  
i | python-compizconfig                   | package    | 0.8.4-3.5                  | x86_64 | X11:Compiz                
i | python-configobj                      | package    | 4.4.0-7.1                  | x86_64 | Gambas2                   
i | python-cssutils                       | package    | 0.9.5b2-3.1                | x86_64 | repo-oss                  
i | python-cssutils-doc                   | package    | 0.9.5b2-3.1                | x86_64 | repo-oss                  
i | python-cups                           | package    | 1.9.42-5.1                 | x86_64 | repo-oss                  
i | python-cupshelpers                    | package    | 1.1.12-2.2.1               | x86_64 | repo-oss-update           
i | python-cupshelpers                    | patch      | 1751                       | noarch | repo-oss-update           
i | python-daap                           | package    | 0.7.1-0.pm.4.1             | x86_64 | 3rdParty:PackMan          
i | python-devel                          | package    | 2.6.2-6.3                  | x86_64 | repo-oss                  
i | python-eyeD3                          | package    | 0.6.17-0.pm.3.2            | noarch | 3rdParty:PackMan          
i | python-feedparser                     | package    | 4.1-12.1                   | noarch | devel:tools:scm(mercurial)
i | python-feedparser                     | package    | 4.1-12.1                   | noarch | devel:languages:python    
i | python-fpconst                        | package    | 0.7.3-1.1                  | x86_64 | devel:languages:python    
i | python-gdata                          | package    | 2.0.1-3.1                  | noarch | repo-oss                  
i | python-gdbm                           | package    | 2.6.2-6.3                  | x86_64 | repo-oss                  
i | python-gnome                          | package    | 2.28.0-2.3                 | x86_64 | repo-oss                  
i | python-gnome-menus                    | package    | 2.28.0.1-2.3               | x86_64 | repo-oss                  
i | python-gobject2                       | package    | 2.20.0-2.2                 | x86_64 | repo-oss                  
i | python-gobject2-devel                 | package    | 2.20.0-7.1                 | x86_64 | devel:languages:python    
i | python-gstreamer-0_10                 | package    | 0.10.18-999.pm.999.1       | x86_64 | 3rdParty:PackMan          
i | python-gtk                            | package    | 2.16.0-2.3                 | x86_64 | repo-oss                  
i | python-gtk-devel                      | package    | 2.16.0-2.3                 | x86_64 | repo-oss                  
i | python-gtkglext                       | package    | 1.1.0-111.3                | x86_64 | repo-oss                  
i | python-gtksourceview                  | package    | 2.8.0-2.3                  | x86_64 | repo-oss                  
i | python-httplib2                       | package    | 0.5.0-3.1                  | noarch | repo-oss                  
i | python-imaging                        | package    | 1.1.6-214.1                | x86_64 | repo-oss                  
i | python-libtorrent-rasterbar           | package    | 0.14.10-0.pm.1.1           | x86_64 | 3rdParty:PackMan          
i | python-lirc                           | package    | 0.0.5-1.pm.2.1             | x86_64 | 3rdParty:PackMan          
i | python-louis                          | package    | 1.7.0-2.2.1                | x86_64 | repo-oss-update           
i | python-lxml                           | package    | 2.2.2-2.1                  | x86_64 | repo-oss                  
i | python-mutagen                        | package    | 1.19-0.pm.1.1              | noarch | 3rdParty:PackMan          
i | python-notify                         | package    | 0.1.1-6.3                  | x86_64 | repo-oss                  
i | python-numpy                          | package    | 1.3.0-16.1                 | x86_64 | (System Packages)         
i | python-opengl                         | package    | 3.0.0-2.1                  | noarch | repo-oss                  
i | python-openssl                        | package    | 0.9-2.1                    | x86_64 | repo-oss                  
i | python-orbit                          | package    | 2.24.0-2.5                 | x86_64 | repo-oss                  
i | python-pam                            | package    | 0.5.0-69.1                 | x86_64 | repo-oss                  
i | python-pigment                        | package    | 0.3.12-0.pm.5.1            | x86_64 | (System Packages)         
i | python-pymad                          | package    | 0.6-0.pm.1.1               | x86_64 | 3rdParty:PackMan          
i | python-pyxdg                          | package    | 0.15-1.1                   | i586   | GNOME:Community           
i | python-qt4                            | package    | 4.6.1-1.1.1                | x86_64 | repo-oss                  
i | python-satsolver                      | package    | 0.14.10-1.1.1              | x86_64 | repo-oss                  
i | python-serial                         | package    | 2.4-5.1                    | noarch | repo-oss                  
i | python-setuptools                     | package    | 0.6c9-4.2                  | noarch | repo-oss                  
i | python-sexy                           | package    | 0.1.9-0.pm.4.1             | x86_64 | 3rdParty:PackMan          
i | python-simplejson                     | package    | 2.0.9-2.1                  | x86_64 | repo-oss                  
i | python-sip                            | package    | 4.9.1-1.1.1                | x86_64 | repo-oss                  
i | python-smbc                           | package    | 1.0.6-3.1                  | x86_64 | repo-oss                  
i | python-sqlite2                        | package    | 2.6.0-2.1                  | x86_64 | Gambas2                   
i | python-sqlite2                        | package    | 2.6.0-2.1                  | x86_64 | GNOME:Community           
i | python-storm                          | package    | 0.16.0-0.pm.1.1            | x86_64 | 3rdParty:PackMan          
i | python-storm-sqlite                   | package    | 0.16.0-0.pm.1.1            | x86_64 | 3rdParty:PackMan          
i | python-tk                             | package    | 2.6.2-6.3                  | x86_64 | repo-oss                  
i | python-twill                          | package    | 0.9-0.pm.2.1               | noarch | 3rdParty:PackMan          
i | python-twisted                        | package    | 8.2.0-3.1                  | x86_64 | repo-oss                  
i | python-twisted-web2                   | package    | 8.1.0-0.pm.3.1             | noarch | 3rdParty:PackMan          
i | python-urlgrabber                     | package    | 3.1.0-182.1                | noarch | repo-oss                  
i | python-xlib                           | package    | 0.14-86.2                  | x86_64 | repo-oss                  
i | python-xml                            | package    | 2.6.2-6.3                  | x86_64 | repo-oss                  
i | python-zopeinterface                  | package    | 3.3.0-109.1                | x86_64 | repo-oss                  

